mode: atomic
github.com/truststaking/mx-chain-notifier-go/facade/notifierFacade.go:34.74,36.16 2 11
github.com/truststaking/mx-chain-notifier-go/facade/notifierFacade.go:40.2,46.8 1 7
github.com/truststaking/mx-chain-notifier-go/facade/notifierFacade.go:36.16,38.3 1 4
github.com/truststaking/mx-chain-notifier-go/facade/notifierFacade.go:49.47,50.37 1 11
github.com/truststaking/mx-chain-notifier-go/facade/notifierFacade.go:53.2,53.33 1 10
github.com/truststaking/mx-chain-notifier-go/facade/notifierFacade.go:56.2,56.41 1 9
github.com/truststaking/mx-chain-notifier-go/facade/notifierFacade.go:59.2,59.44 1 8
github.com/truststaking/mx-chain-notifier-go/facade/notifierFacade.go:63.2,63.12 1 7
github.com/truststaking/mx-chain-notifier-go/facade/notifierFacade.go:50.37,52.3 1 1
github.com/truststaking/mx-chain-notifier-go/facade/notifierFacade.go:53.33,55.3 1 1
github.com/truststaking/mx-chain-notifier-go/facade/notifierFacade.go:56.41,58.3 1 1
github.com/truststaking/mx-chain-notifier-go/facade/notifierFacade.go:59.44,61.3 1 1
github.com/truststaking/mx-chain-notifier-go/facade/notifierFacade.go:68.86,70.16 2 2
github.com/truststaking/mx-chain-notifier-go/facade/notifierFacade.go:74.2,81.16 3 1
github.com/truststaking/mx-chain-notifier-go/facade/notifierFacade.go:85.2,107.12 7 1
github.com/truststaking/mx-chain-notifier-go/facade/notifierFacade.go:70.16,72.3 1 1
github.com/truststaking/mx-chain-notifier-go/facade/notifierFacade.go:81.16,83.3 1 0
github.com/truststaking/mx-chain-notifier-go/facade/notifierFacade.go:113.83,119.16 3 0
github.com/truststaking/mx-chain-notifier-go/facade/notifierFacade.go:123.2,135.12 5 0
github.com/truststaking/mx-chain-notifier-go/facade/notifierFacade.go:119.16,121.3 1 0
github.com/truststaking/mx-chain-notifier-go/facade/notifierFacade.go:139.71,141.2 1 1
github.com/truststaking/mx-chain-notifier-go/facade/notifierFacade.go:144.77,146.2 1 1
github.com/truststaking/mx-chain-notifier-go/facade/notifierFacade.go:149.77,151.2 1 1
github.com/truststaking/mx-chain-notifier-go/facade/notifierFacade.go:155.70,157.2 1 1
github.com/truststaking/mx-chain-notifier-go/facade/notifierFacade.go:160.81,162.2 1 0
github.com/truststaking/mx-chain-notifier-go/facade/notifierFacade.go:165.60,167.2 1 0
github.com/truststaking/mx-chain-notifier-go/facade/notifierFacade.go:170.49,172.2 1 4
github.com/truststaking/mx-chain-notifier-go/dispatcher/ws/wsDispatcher.go:50.89,51.27 1 8
github.com/truststaking/mx-chain-notifier-go/dispatcher/ws/wsDispatcher.go:54.2,54.22 1 7
github.com/truststaking/mx-chain-notifier-go/dispatcher/ws/wsDispatcher.go:57.2,57.34 1 6
github.com/truststaking/mx-chain-notifier-go/dispatcher/ws/wsDispatcher.go:61.2,67.8 1 5
github.com/truststaking/mx-chain-notifier-go/dispatcher/ws/wsDispatcher.go:51.27,53.3 1 1
github.com/truststaking/mx-chain-notifier-go/dispatcher/ws/wsDispatcher.go:54.22,56.3 1 1
github.com/truststaking/mx-chain-notifier-go/dispatcher/ws/wsDispatcher.go:57.34,59.3 1 1
github.com/truststaking/mx-chain-notifier-go/dispatcher/ws/wsDispatcher.go:71.50,73.2 1 0
github.com/truststaking/mx-chain-notifier-go/dispatcher/ws/wsDispatcher.go:76.64,78.16 2 3
github.com/truststaking/mx-chain-notifier-go/dispatcher/ws/wsDispatcher.go:83.2,88.16 3 3
github.com/truststaking/mx-chain-notifier-go/dispatcher/ws/wsDispatcher.go:93.2,93.25 1 3
github.com/truststaking/mx-chain-notifier-go/dispatcher/ws/wsDispatcher.go:78.16,81.3 2 0
github.com/truststaking/mx-chain-notifier-go/dispatcher/ws/wsDispatcher.go:88.16,91.3 2 0
github.com/truststaking/mx-chain-notifier-go/dispatcher/ws/wsDispatcher.go:97.68,99.16 2 0
github.com/truststaking/mx-chain-notifier-go/dispatcher/ws/wsDispatcher.go:103.2,108.16 3 0
github.com/truststaking/mx-chain-notifier-go/dispatcher/ws/wsDispatcher.go:113.2,113.25 1 0
github.com/truststaking/mx-chain-notifier-go/dispatcher/ws/wsDispatcher.go:99.16,102.3 2 0
github.com/truststaking/mx-chain-notifier-go/dispatcher/ws/wsDispatcher.go:108.16,111.3 2 0
github.com/truststaking/mx-chain-notifier-go/dispatcher/ws/wsDispatcher.go:117.74,119.16 2 0
github.com/truststaking/mx-chain-notifier-go/dispatcher/ws/wsDispatcher.go:123.2,128.16 3 0
github.com/truststaking/mx-chain-notifier-go/dispatcher/ws/wsDispatcher.go:133.2,133.25 1 0
github.com/truststaking/mx-chain-notifier-go/dispatcher/ws/wsDispatcher.go:119.16,122.3 2 0
github.com/truststaking/mx-chain-notifier-go/dispatcher/ws/wsDispatcher.go:128.16,131.3 2 0
github.com/truststaking/mx-chain-notifier-go/dispatcher/ws/wsDispatcher.go:137.62,139.16 2 0
github.com/truststaking/mx-chain-notifier-go/dispatcher/ws/wsDispatcher.go:143.2,148.16 3 0
github.com/truststaking/mx-chain-notifier-go/dispatcher/ws/wsDispatcher.go:153.2,153.25 1 0
github.com/truststaking/mx-chain-notifier-go/dispatcher/ws/wsDispatcher.go:139.16,142.3 2 0
github.com/truststaking/mx-chain-notifier-go/dispatcher/ws/wsDispatcher.go:148.16,151.3 2 0
github.com/truststaking/mx-chain-notifier-go/dispatcher/ws/wsDispatcher.go:157.77,159.16 2 1
github.com/truststaking/mx-chain-notifier-go/dispatcher/ws/wsDispatcher.go:163.2,168.16 3 1
github.com/truststaking/mx-chain-notifier-go/dispatcher/ws/wsDispatcher.go:173.2,173.25 1 1
github.com/truststaking/mx-chain-notifier-go/dispatcher/ws/wsDispatcher.go:159.16,162.3 2 0
github.com/truststaking/mx-chain-notifier-go/dispatcher/ws/wsDispatcher.go:168.16,171.3 2 0
github.com/truststaking/mx-chain-notifier-go/dispatcher/ws/wsDispatcher.go:177.64,179.16 2 0
github.com/truststaking/mx-chain-notifier-go/dispatcher/ws/wsDispatcher.go:183.2,188.16 3 0
github.com/truststaking/mx-chain-notifier-go/dispatcher/ws/wsDispatcher.go:193.2,193.25 1 0
github.com/truststaking/mx-chain-notifier-go/dispatcher/ws/wsDispatcher.go:179.16,182.3 2 0
github.com/truststaking/mx-chain-notifier-go/dispatcher/ws/wsDispatcher.go:188.16,191.3 2 0
github.com/truststaking/mx-chain-notifier-go/dispatcher/ws/wsDispatcher.go:197.44,199.15 2 1
github.com/truststaking/mx-chain-notifier-go/dispatcher/ws/wsDispatcher.go:211.2,211.57 1 1
github.com/truststaking/mx-chain-notifier-go/dispatcher/ws/wsDispatcher.go:223.2,223.6 1 1
github.com/truststaking/mx-chain-notifier-go/dispatcher/ws/wsDispatcher.go:199.15,201.41 2 1
github.com/truststaking/mx-chain-notifier-go/dispatcher/ws/wsDispatcher.go:201.41,202.39 1 0
github.com/truststaking/mx-chain-notifier-go/dispatcher/ws/wsDispatcher.go:207.4,207.59 1 0
github.com/truststaking/mx-chain-notifier-go/dispatcher/ws/wsDispatcher.go:202.39,205.5 2 0
github.com/truststaking/mx-chain-notifier-go/dispatcher/ws/wsDispatcher.go:211.57,213.17 2 2
github.com/truststaking/mx-chain-notifier-go/dispatcher/ws/wsDispatcher.go:216.3,217.17 2 1
github.com/truststaking/mx-chain-notifier-go/dispatcher/ws/wsDispatcher.go:220.3,220.24 1 1
github.com/truststaking/mx-chain-notifier-go/dispatcher/ws/wsDispatcher.go:213.17,215.4 1 1
github.com/truststaking/mx-chain-notifier-go/dispatcher/ws/wsDispatcher.go:217.17,219.4 1 0
github.com/truststaking/mx-chain-notifier-go/dispatcher/ws/wsDispatcher.go:223.6,224.10 1 2
github.com/truststaking/mx-chain-notifier-go/dispatcher/ws/wsDispatcher.go:225.33,226.52 1 2
github.com/truststaking/mx-chain-notifier-go/dispatcher/ws/wsDispatcher.go:231.4,231.11 1 2
github.com/truststaking/mx-chain-notifier-go/dispatcher/ws/wsDispatcher.go:238.4,238.73 1 2
github.com/truststaking/mx-chain-notifier-go/dispatcher/ws/wsDispatcher.go:242.19,243.52 1 0
github.com/truststaking/mx-chain-notifier-go/dispatcher/ws/wsDispatcher.go:246.4,246.80 1 0
github.com/truststaking/mx-chain-notifier-go/dispatcher/ws/wsDispatcher.go:226.52,229.5 2 0
github.com/truststaking/mx-chain-notifier-go/dispatcher/ws/wsDispatcher.go:231.11,232.82 1 0
github.com/truststaking/mx-chain-notifier-go/dispatcher/ws/wsDispatcher.go:232.82,235.6 2 0
github.com/truststaking/mx-chain-notifier-go/dispatcher/ws/wsDispatcher.go:238.73,241.5 2 1
github.com/truststaking/mx-chain-notifier-go/dispatcher/ws/wsDispatcher.go:243.52,245.5 1 0
github.com/truststaking/mx-chain-notifier-go/dispatcher/ws/wsDispatcher.go:246.80,249.5 2 0
github.com/truststaking/mx-chain-notifier-go/dispatcher/ws/wsDispatcher.go:255.43,256.15 1 1
github.com/truststaking/mx-chain-notifier-go/dispatcher/ws/wsDispatcher.go:264.2,264.49 1 1
github.com/truststaking/mx-chain-notifier-go/dispatcher/ws/wsDispatcher.go:268.2,268.6 1 1
github.com/truststaking/mx-chain-notifier-go/dispatcher/ws/wsDispatcher.go:256.15,258.41 2 1
github.com/truststaking/mx-chain-notifier-go/dispatcher/ws/wsDispatcher.go:261.3,261.17 1 1
github.com/truststaking/mx-chain-notifier-go/dispatcher/ws/wsDispatcher.go:258.41,260.4 1 0
github.com/truststaking/mx-chain-notifier-go/dispatcher/ws/wsDispatcher.go:264.49,266.3 1 0
github.com/truststaking/mx-chain-notifier-go/dispatcher/ws/wsDispatcher.go:268.6,270.22 2 2
github.com/truststaking/mx-chain-notifier-go/dispatcher/ws/wsDispatcher.go:283.3,284.32 2 1
github.com/truststaking/mx-chain-notifier-go/dispatcher/ws/wsDispatcher.go:270.22,277.6 2 1
github.com/truststaking/mx-chain-notifier-go/dispatcher/ws/wsDispatcher.go:280.4,280.9 1 1
github.com/truststaking/mx-chain-notifier-go/dispatcher/ws/wsDispatcher.go:277.6,279.5 1 0
github.com/truststaking/mx-chain-notifier-go/dispatcher/ws/wsDispatcher.go:288.73,291.16 3 1
github.com/truststaking/mx-chain-notifier-go/dispatcher/ws/wsDispatcher.go:295.2,296.34 2 0
github.com/truststaking/mx-chain-notifier-go/dispatcher/ws/wsDispatcher.go:291.16,294.3 2 1
github.com/truststaking/mx-chain-notifier-go/dispatcher/ws/wsDispatcher.go:299.61,300.76 1 2
github.com/truststaking/mx-chain-notifier-go/dispatcher/ws/wsDispatcher.go:303.2,303.12 1 2
github.com/truststaking/mx-chain-notifier-go/dispatcher/ws/wsDispatcher.go:300.76,302.3 1 0
github.com/truststaking/mx-chain-notifier-go/dispatcher/ws/wsDispatcher.go:306.60,308.74 2 1
github.com/truststaking/mx-chain-notifier-go/dispatcher/ws/wsDispatcher.go:311.2,311.44 1 1
github.com/truststaking/mx-chain-notifier-go/dispatcher/ws/wsDispatcher.go:314.2,314.12 1 1
github.com/truststaking/mx-chain-notifier-go/dispatcher/ws/wsDispatcher.go:308.74,310.3 1 0
github.com/truststaking/mx-chain-notifier-go/dispatcher/ws/wsDispatcher.go:311.44,313.3 1 0
github.com/truststaking/mx-chain-notifier-go/dispatcher/ws/wsHandler.go:26.86,28.16 2 4
github.com/truststaking/mx-chain-notifier-go/dispatcher/ws/wsHandler.go:32.2,36.8 1 1
github.com/truststaking/mx-chain-notifier-go/dispatcher/ws/wsHandler.go:28.16,30.3 1 3
github.com/truststaking/mx-chain-notifier-go/dispatcher/ws/wsHandler.go:39.51,40.27 1 4
github.com/truststaking/mx-chain-notifier-go/dispatcher/ws/wsHandler.go:43.2,43.26 1 3
github.com/truststaking/mx-chain-notifier-go/dispatcher/ws/wsHandler.go:46.2,46.34 1 2
github.com/truststaking/mx-chain-notifier-go/dispatcher/ws/wsHandler.go:50.2,50.12 1 1
github.com/truststaking/mx-chain-notifier-go/dispatcher/ws/wsHandler.go:40.27,42.3 1 1
github.com/truststaking/mx-chain-notifier-go/dispatcher/ws/wsHandler.go:43.26,45.3 1 1
github.com/truststaking/mx-chain-notifier-go/dispatcher/ws/wsHandler.go:46.34,48.3 1 1
github.com/truststaking/mx-chain-notifier-go/dispatcher/ws/wsHandler.go:54.81,56.16 2 0
github.com/truststaking/mx-chain-notifier-go/dispatcher/ws/wsHandler.go:61.2,67.16 3 0
github.com/truststaking/mx-chain-notifier-go/dispatcher/ws/wsHandler.go:71.2,74.28 3 0
github.com/truststaking/mx-chain-notifier-go/dispatcher/ws/wsHandler.go:56.16,59.3 2 0
github.com/truststaking/mx-chain-notifier-go/dispatcher/ws/wsHandler.go:67.16,70.3 2 0
github.com/truststaking/mx-chain-notifier-go/dispatcher/ws/wsHandler.go:78.53,80.2 1 4
github.com/truststaking/mx-chain-notifier-go/dispatcher/ws/wsUpgrader.go:16.95,17.23 1 0
github.com/truststaking/mx-chain-notifier-go/dispatcher/ws/wsUpgrader.go:20.2,20.24 1 0
github.com/truststaking/mx-chain-notifier-go/dispatcher/ws/wsUpgrader.go:24.2,27.47 1 0
github.com/truststaking/mx-chain-notifier-go/dispatcher/ws/wsUpgrader.go:30.2,32.8 1 0
github.com/truststaking/mx-chain-notifier-go/dispatcher/ws/wsUpgrader.go:17.23,19.3 1 0
github.com/truststaking/mx-chain-notifier-go/dispatcher/ws/wsUpgrader.go:20.24,22.3 1 0
github.com/truststaking/mx-chain-notifier-go/dispatcher/ws/wsUpgrader.go:27.47,27.62 1 0
github.com/truststaking/mx-chain-notifier-go/dispatcher/ws/wsUpgrader.go:36.140,38.2 1 0
github.com/truststaking/mx-chain-notifier-go/dispatcher/hub/commonHub.go:42.59,44.16 2 13
github.com/truststaking/mx-chain-notifier-go/dispatcher/hub/commonHub.go:48.2,62.8 1 11
github.com/truststaking/mx-chain-notifier-go/dispatcher/hub/commonHub.go:44.16,46.3 1 2
github.com/truststaking/mx-chain-notifier-go/dispatcher/hub/commonHub.go:65.42,66.30 1 13
github.com/truststaking/mx-chain-notifier-go/dispatcher/hub/commonHub.go:69.2,69.42 1 12
github.com/truststaking/mx-chain-notifier-go/dispatcher/hub/commonHub.go:73.2,73.12 1 11
github.com/truststaking/mx-chain-notifier-go/dispatcher/hub/commonHub.go:66.30,68.3 1 1
github.com/truststaking/mx-chain-notifier-go/dispatcher/hub/commonHub.go:69.42,71.3 1 1
github.com/truststaking/mx-chain-notifier-go/dispatcher/hub/commonHub.go:77.28,82.2 3 10
github.com/truststaking/mx-chain-notifier-go/dispatcher/hub/commonHub.go:84.47,85.6 1 10
github.com/truststaking/mx-chain-notifier-go/dispatcher/hub/commonHub.go:85.6,86.10 1 23
github.com/truststaking/mx-chain-notifier-go/dispatcher/hub/commonHub.go:87.21,89.10 2 10
github.com/truststaking/mx-chain-notifier-go/dispatcher/hub/commonHub.go:91.33,92.30 1 2
github.com/truststaking/mx-chain-notifier-go/dispatcher/hub/commonHub.go:94.44,95.41 1 1
github.com/truststaking/mx-chain-notifier-go/dispatcher/hub/commonHub.go:97.50,98.47 1 1
github.com/truststaking/mx-chain-notifier-go/dispatcher/hub/commonHub.go:100.38,101.35 1 1
github.com/truststaking/mx-chain-notifier-go/dispatcher/hub/commonHub.go:103.55,104.52 1 0
github.com/truststaking/mx-chain-notifier-go/dispatcher/hub/commonHub.go:106.40,107.37 1 1
github.com/truststaking/mx-chain-notifier-go/dispatcher/hub/commonHub.go:109.42,110.43 1 6
github.com/truststaking/mx-chain-notifier-go/dispatcher/hub/commonHub.go:112.44,113.45 1 1
github.com/truststaking/mx-chain-notifier-go/dispatcher/hub/commonHub.go:119.59,121.2 1 8
github.com/truststaking/mx-chain-notifier-go/dispatcher/hub/commonHub.go:125.57,126.9 1 2
github.com/truststaking/mx-chain-notifier-go/dispatcher/hub/commonHub.go:127.30,127.30 0 2
github.com/truststaking/mx-chain-notifier-go/dispatcher/hub/commonHub.go:128.22,128.22 0 0
github.com/truststaking/mx-chain-notifier-go/dispatcher/hub/commonHub.go:134.62,135.9 1 1
github.com/truststaking/mx-chain-notifier-go/dispatcher/hub/commonHub.go:136.35,136.35 0 1
github.com/truststaking/mx-chain-notifier-go/dispatcher/hub/commonHub.go:137.22,137.22 0 0
github.com/truststaking/mx-chain-notifier-go/dispatcher/hub/commonHub.go:143.68,144.9 1 1
github.com/truststaking/mx-chain-notifier-go/dispatcher/hub/commonHub.go:145.38,145.38 0 1
github.com/truststaking/mx-chain-notifier-go/dispatcher/hub/commonHub.go:146.22,146.22 0 0
github.com/truststaking/mx-chain-notifier-go/dispatcher/hub/commonHub.go:152.56,153.9 1 1
github.com/truststaking/mx-chain-notifier-go/dispatcher/hub/commonHub.go:154.32,154.32 0 1
github.com/truststaking/mx-chain-notifier-go/dispatcher/hub/commonHub.go:155.22,155.22 0 0
github.com/truststaking/mx-chain-notifier-go/dispatcher/hub/commonHub.go:161.58,162.9 1 1
github.com/truststaking/mx-chain-notifier-go/dispatcher/hub/commonHub.go:163.33,163.33 0 1
github.com/truststaking/mx-chain-notifier-go/dispatcher/hub/commonHub.go:164.22,164.22 0 0
github.com/truststaking/mx-chain-notifier-go/dispatcher/hub/commonHub.go:169.85,170.9 1 0
github.com/truststaking/mx-chain-notifier-go/dispatcher/hub/commonHub.go:171.49,171.49 0 0
github.com/truststaking/mx-chain-notifier-go/dispatcher/hub/commonHub.go:172.22,172.22 0 0
github.com/truststaking/mx-chain-notifier-go/dispatcher/hub/commonHub.go:177.70,178.9 1 6
github.com/truststaking/mx-chain-notifier-go/dispatcher/hub/commonHub.go:179.28,179.28 0 6
github.com/truststaking/mx-chain-notifier-go/dispatcher/hub/commonHub.go:180.22,180.22 0 0
github.com/truststaking/mx-chain-notifier-go/dispatcher/hub/commonHub.go:185.72,186.9 1 1
github.com/truststaking/mx-chain-notifier-go/dispatcher/hub/commonHub.go:187.30,187.30 0 1
github.com/truststaking/mx-chain-notifier-go/dispatcher/hub/commonHub.go:188.22,188.22 0 0
github.com/truststaking/mx-chain-notifier-go/dispatcher/hub/commonHub.go:192.68,195.45 2 2
github.com/truststaking/mx-chain-notifier-go/dispatcher/hub/commonHub.go:195.45,196.57 1 3
github.com/truststaking/mx-chain-notifier-go/dispatcher/hub/commonHub.go:200.3,200.54 1 3
github.com/truststaking/mx-chain-notifier-go/dispatcher/hub/commonHub.go:196.57,197.12 1 0
github.com/truststaking/mx-chain-notifier-go/dispatcher/hub/commonHub.go:204.106,206.43 2 3
github.com/truststaking/mx-chain-notifier-go/dispatcher/hub/commonHub.go:212.2,214.8 3 3
github.com/truststaking/mx-chain-notifier-go/dispatcher/hub/commonHub.go:217.2,217.29 1 3
github.com/truststaking/mx-chain-notifier-go/dispatcher/hub/commonHub.go:206.43,207.48 1 9
github.com/truststaking/mx-chain-notifier-go/dispatcher/hub/commonHub.go:207.48,209.4 1 5
github.com/truststaking/mx-chain-notifier-go/dispatcher/hub/commonHub.go:214.8,216.3 1 3
github.com/truststaking/mx-chain-notifier-go/dispatcher/hub/commonHub.go:220.74,225.45 3 1
github.com/truststaking/mx-chain-notifier-go/dispatcher/hub/commonHub.go:233.2,235.40 3 1
github.com/truststaking/mx-chain-notifier-go/dispatcher/hub/commonHub.go:225.45,226.57 1 1
github.com/truststaking/mx-chain-notifier-go/dispatcher/hub/commonHub.go:230.3,230.58 1 1
github.com/truststaking/mx-chain-notifier-go/dispatcher/hub/commonHub.go:226.57,227.12 1 0
github.com/truststaking/mx-chain-notifier-go/dispatcher/hub/commonHub.go:235.40,236.38 1 1
github.com/truststaking/mx-chain-notifier-go/dispatcher/hub/commonHub.go:236.38,238.4 1 1
github.com/truststaking/mx-chain-notifier-go/dispatcher/hub/commonHub.go:242.83,247.45 3 1
github.com/truststaking/mx-chain-notifier-go/dispatcher/hub/commonHub.go:255.2,257.40 3 1
github.com/truststaking/mx-chain-notifier-go/dispatcher/hub/commonHub.go:247.45,248.60 1 1
github.com/truststaking/mx-chain-notifier-go/dispatcher/hub/commonHub.go:252.3,252.61 1 1
github.com/truststaking/mx-chain-notifier-go/dispatcher/hub/commonHub.go:248.60,249.12 1 0
github.com/truststaking/mx-chain-notifier-go/dispatcher/hub/commonHub.go:257.40,258.38 1 1
github.com/truststaking/mx-chain-notifier-go/dispatcher/hub/commonHub.go:258.38,260.4 1 1
github.com/truststaking/mx-chain-notifier-go/dispatcher/hub/commonHub.go:264.65,269.45 3 1
github.com/truststaking/mx-chain-notifier-go/dispatcher/hub/commonHub.go:277.2,279.40 3 1
github.com/truststaking/mx-chain-notifier-go/dispatcher/hub/commonHub.go:269.45,270.48 1 1
github.com/truststaking/mx-chain-notifier-go/dispatcher/hub/commonHub.go:274.3,274.55 1 1
github.com/truststaking/mx-chain-notifier-go/dispatcher/hub/commonHub.go:270.48,271.12 1 0
github.com/truststaking/mx-chain-notifier-go/dispatcher/hub/commonHub.go:279.40,280.38 1 1
github.com/truststaking/mx-chain-notifier-go/dispatcher/hub/commonHub.go:280.38,282.4 1 1
github.com/truststaking/mx-chain-notifier-go/dispatcher/hub/commonHub.go:286.94,291.45 3 1
github.com/truststaking/mx-chain-notifier-go/dispatcher/hub/commonHub.go:299.2,301.40 3 1
github.com/truststaking/mx-chain-notifier-go/dispatcher/hub/commonHub.go:291.45,292.51 1 1
github.com/truststaking/mx-chain-notifier-go/dispatcher/hub/commonHub.go:296.3,296.55 1 1
github.com/truststaking/mx-chain-notifier-go/dispatcher/hub/commonHub.go:292.51,293.12 1 0
github.com/truststaking/mx-chain-notifier-go/dispatcher/hub/commonHub.go:301.40,302.38 1 1
github.com/truststaking/mx-chain-notifier-go/dispatcher/hub/commonHub.go:302.38,304.4 1 1
github.com/truststaking/mx-chain-notifier-go/dispatcher/hub/commonHub.go:308.68,313.45 3 1
github.com/truststaking/mx-chain-notifier-go/dispatcher/hub/commonHub.go:321.2,323.40 3 1
github.com/truststaking/mx-chain-notifier-go/dispatcher/hub/commonHub.go:313.45,314.49 1 1
github.com/truststaking/mx-chain-notifier-go/dispatcher/hub/commonHub.go:318.3,318.56 1 1
github.com/truststaking/mx-chain-notifier-go/dispatcher/hub/commonHub.go:314.49,315.12 1 0
github.com/truststaking/mx-chain-notifier-go/dispatcher/hub/commonHub.go:323.40,324.38 1 1
github.com/truststaking/mx-chain-notifier-go/dispatcher/hub/commonHub.go:324.38,326.4 1 1
github.com/truststaking/mx-chain-notifier-go/dispatcher/hub/commonHub.go:330.71,334.44 3 12
github.com/truststaking/mx-chain-notifier-go/dispatcher/hub/commonHub.go:338.2,340.66 2 12
github.com/truststaking/mx-chain-notifier-go/dispatcher/hub/commonHub.go:334.44,336.3 1 0
github.com/truststaking/mx-chain-notifier-go/dispatcher/hub/commonHub.go:343.73,347.44 3 1
github.com/truststaking/mx-chain-notifier-go/dispatcher/hub/commonHub.go:351.2,353.54 2 1
github.com/truststaking/mx-chain-notifier-go/dispatcher/hub/commonHub.go:347.44,349.3 1 1
github.com/truststaking/mx-chain-notifier-go/dispatcher/hub/commonHub.go:357.36,358.26 1 10
github.com/truststaking/mx-chain-notifier-go/dispatcher/hub/commonHub.go:362.2,364.12 2 10
github.com/truststaking/mx-chain-notifier-go/dispatcher/hub/commonHub.go:358.26,360.3 1 10
github.com/truststaking/mx-chain-notifier-go/dispatcher/hub/commonHub.go:368.44,370.2 1 1
github.com/truststaking/mx-chain-notifier-go/dispatcher/subscription.go:43.50,48.2 1 5
github.com/truststaking/mx-chain-notifier-go/dispatcher/subscription.go:52.78,53.77 1 31
github.com/truststaking/mx-chain-notifier-go/dispatcher/subscription.go:66.2,66.53 1 20
github.com/truststaking/mx-chain-notifier-go/dispatcher/subscription.go:85.2,85.71 1 20
github.com/truststaking/mx-chain-notifier-go/dispatcher/subscription.go:53.77,64.3 3 11
github.com/truststaking/mx-chain-notifier-go/dispatcher/subscription.go:66.53,83.3 5 33
github.com/truststaking/mx-chain-notifier-go/dispatcher/subscription.go:89.75,93.49 3 1
github.com/truststaking/mx-chain-notifier-go/dispatcher/subscription.go:97.2,97.67 1 1
github.com/truststaking/mx-chain-notifier-go/dispatcher/subscription.go:93.49,95.3 1 1
github.com/truststaking/mx-chain-notifier-go/dispatcher/subscription.go:101.67,106.39 4 4
github.com/truststaking/mx-chain-notifier-go/dispatcher/subscription.go:110.2,110.22 1 4
github.com/truststaking/mx-chain-notifier-go/dispatcher/subscription.go:106.39,108.3 1 6
github.com/truststaking/mx-chain-notifier-go/dispatcher/subscription.go:113.91,118.46 4 45
github.com/truststaking/mx-chain-notifier-go/dispatcher/subscription.go:121.2,121.33 1 26
github.com/truststaking/mx-chain-notifier-go/dispatcher/subscription.go:124.2,124.19 1 3
github.com/truststaking/mx-chain-notifier-go/dispatcher/subscription.go:127.2,127.16 1 2
github.com/truststaking/mx-chain-notifier-go/dispatcher/subscription.go:131.2,131.17 1 1
github.com/truststaking/mx-chain-notifier-go/dispatcher/subscription.go:118.46,120.3 1 19
github.com/truststaking/mx-chain-notifier-go/dispatcher/subscription.go:121.33,123.3 1 23
github.com/truststaking/mx-chain-notifier-go/dispatcher/subscription.go:124.19,126.3 1 1
github.com/truststaking/mx-chain-notifier-go/dispatcher/subscription.go:127.16,129.3 1 1
github.com/truststaking/mx-chain-notifier-go/dispatcher/subscription.go:134.73,139.2 3 44
github.com/truststaking/mx-chain-notifier-go/dispatcher/subscription.go:141.59,146.44 1 33
github.com/truststaking/mx-chain-notifier-go/dispatcher/subscription.go:150.2,150.33 1 33
github.com/truststaking/mx-chain-notifier-go/dispatcher/subscription.go:146.44,148.3 1 0
github.com/truststaking/mx-chain-notifier-go/dispatcher/subscription.go:154.53,156.2 1 0
github.com/truststaking/mx-chain-notifier-go/metrics/statusMetrics.go:22.40,26.2 1 7
github.com/truststaking/mx-chain-notifier-go/metrics/statusMetrics.go:29.74,34.24 4 178
github.com/truststaking/mx-chain-notifier-go/metrics/statusMetrics.go:45.2,46.43 2 168
github.com/truststaking/mx-chain-notifier-go/metrics/statusMetrics.go:34.24,43.3 3 10
github.com/truststaking/mx-chain-notifier-go/metrics/statusMetrics.go:50.76,55.2 3 170
github.com/truststaking/mx-chain-notifier-go/metrics/statusMetrics.go:57.76,59.46 2 337
github.com/truststaking/mx-chain-notifier-go/metrics/statusMetrics.go:63.2,63.15 1 337
github.com/truststaking/mx-chain-notifier-go/metrics/statusMetrics.go:59.46,61.3 1 1637
github.com/truststaking/mx-chain-notifier-go/metrics/statusMetrics.go:67.59,75.53 5 167
github.com/truststaking/mx-chain-notifier-go/metrics/statusMetrics.go:80.2,80.31 1 167
github.com/truststaking/mx-chain-notifier-go/metrics/statusMetrics.go:75.53,78.3 2 815
github.com/truststaking/mx-chain-notifier-go/metrics/statusMetrics.go:84.48,86.2 1 2
github.com/truststaking/mx-chain-notifier-go/metrics/prometheusMetrics.go:11.78,31.2 2 1630
github.com/truststaking/mx-chain-notifier-go/metrics/prometheusMetrics.go:33.58,36.16 3 1630
github.com/truststaking/mx-chain-notifier-go/metrics/prometheusMetrics.go:40.2,40.28 1 1630
github.com/truststaking/mx-chain-notifier-go/metrics/prometheusMetrics.go:36.16,38.3 1 0
github.com/truststaking/mx-chain-notifier-go/api/gin/httpServer.go:18.81,19.19 1 3
github.com/truststaking/mx-chain-notifier-go/api/gin/httpServer.go:23.2,25.8 1 2
github.com/truststaking/mx-chain-notifier-go/api/gin/httpServer.go:19.19,21.3 1 1
github.com/truststaking/mx-chain-notifier-go/api/gin/httpServer.go:29.37,31.16 2 2
github.com/truststaking/mx-chain-notifier-go/api/gin/httpServer.go:31.16,32.34 1 1
github.com/truststaking/mx-chain-notifier-go/api/gin/httpServer.go:32.34,36.4 1 0
github.com/truststaking/mx-chain-notifier-go/api/gin/httpServer.go:36.9,38.4 1 1
github.com/truststaking/mx-chain-notifier-go/api/gin/httpServer.go:43.43,48.2 3 2
github.com/truststaking/mx-chain-notifier-go/api/gin/httpServer.go:51.51,53.2 1 1
github.com/truststaking/mx-chain-notifier-go/api/gin/webServer.go:52.73,54.16 2 4
github.com/truststaking/mx-chain-notifier-go/api/gin/webServer.go:58.2,64.8 1 1
github.com/truststaking/mx-chain-notifier-go/api/gin/webServer.go:54.16,56.3 1 3
github.com/truststaking/mx-chain-notifier-go/api/gin/webServer.go:67.49,68.30 1 4
github.com/truststaking/mx-chain-notifier-go/api/gin/webServer.go:71.2,71.44 1 3
github.com/truststaking/mx-chain-notifier-go/api/gin/webServer.go:74.2,74.38 1 2
github.com/truststaking/mx-chain-notifier-go/api/gin/webServer.go:78.2,78.12 1 1
github.com/truststaking/mx-chain-notifier-go/api/gin/webServer.go:68.30,70.3 1 1
github.com/truststaking/mx-chain-notifier-go/api/gin/webServer.go:71.44,73.3 1 1
github.com/truststaking/mx-chain-notifier-go/api/gin/webServer.go:74.38,76.3 1 1
github.com/truststaking/mx-chain-notifier-go/api/gin/webServer.go:81.40,83.16 2 1
github.com/truststaking/mx-chain-notifier-go/api/gin/webServer.go:87.2,87.34 1 1
github.com/truststaking/mx-chain-notifier-go/api/gin/webServer.go:91.2,91.13 1 0
github.com/truststaking/mx-chain-notifier-go/api/gin/webServer.go:83.16,85.3 1 0
github.com/truststaking/mx-chain-notifier-go/api/gin/webServer.go:87.34,89.3 1 1
github.com/truststaking/mx-chain-notifier-go/api/gin/webServer.go:96.33,102.28 4 1
github.com/truststaking/mx-chain-notifier-go/api/gin/webServer.go:107.2,111.16 4 1
github.com/truststaking/mx-chain-notifier-go/api/gin/webServer.go:115.2,125.16 5 1
github.com/truststaking/mx-chain-notifier-go/api/gin/webServer.go:129.2,133.12 3 1
github.com/truststaking/mx-chain-notifier-go/api/gin/webServer.go:102.28,105.3 2 0
github.com/truststaking/mx-chain-notifier-go/api/gin/webServer.go:111.16,113.3 1 0
github.com/truststaking/mx-chain-notifier-go/api/gin/webServer.go:125.16,127.3 1 0
github.com/truststaking/mx-chain-notifier-go/api/gin/webServer.go:136.42,144.47 3 1
github.com/truststaking/mx-chain-notifier-go/api/gin/webServer.go:152.2,153.16 2 1
github.com/truststaking/mx-chain-notifier-go/api/gin/webServer.go:156.2,158.61 2 1
github.com/truststaking/mx-chain-notifier-go/api/gin/webServer.go:166.2,168.12 2 1
github.com/truststaking/mx-chain-notifier-go/api/gin/webServer.go:144.47,146.17 2 0
github.com/truststaking/mx-chain-notifier-go/api/gin/webServer.go:149.3,149.41 1 0
github.com/truststaking/mx-chain-notifier-go/api/gin/webServer.go:146.17,148.4 1 0
github.com/truststaking/mx-chain-notifier-go/api/gin/webServer.go:153.16,155.3 1 0
github.com/truststaking/mx-chain-notifier-go/api/gin/webServer.go:158.61,160.17 2 0
github.com/truststaking/mx-chain-notifier-go/api/gin/webServer.go:163.3,163.37 1 0
github.com/truststaking/mx-chain-notifier-go/api/gin/webServer.go:160.17,162.4 1 0
github.com/truststaking/mx-chain-notifier-go/api/gin/webServer.go:171.59,172.48 1 1
github.com/truststaking/mx-chain-notifier-go/api/gin/webServer.go:172.48,178.3 3 1
github.com/truststaking/mx-chain-notifier-go/api/gin/webServer.go:182.35,183.25 1 1
github.com/truststaking/mx-chain-notifier-go/api/gin/webServer.go:187.2,191.16 4 1
github.com/truststaking/mx-chain-notifier-go/api/gin/webServer.go:195.2,195.12 1 1
github.com/truststaking/mx-chain-notifier-go/api/gin/webServer.go:183.25,185.3 1 0
github.com/truststaking/mx-chain-notifier-go/api/gin/webServer.go:191.16,193.3 1 0
github.com/truststaking/mx-chain-notifier-go/api/gin/webServer.go:199.43,201.2 1 3
